2024-01-11 11:16:09,190 - root - INFO - Preparing data ...
2024-01-11 11:16:54,085 - root - INFO - Running Model ...
2024-01-11 15:12:15,663 - root - INFO - Preparing data ...
2024-01-11 15:12:28,768 - root - INFO - Running Model ...
2024-01-11 16:10:30,259 - root - INFO - Preparing data ...
2024-01-11 16:10:43,384 - root - INFO - Running Model ...
2024-01-11 16:12:40,228 - root - INFO - Preparing data ...
2024-01-11 16:12:53,267 - root - INFO - Running Model ...
2024-01-11 16:13:20,143 - root - INFO - Saving Prediction ...
2024-01-11 16:51:48,981 - root - INFO - Preparing data ...
2024-01-11 16:52:02,209 - root - INFO - Running Model ...
2024-01-11 16:52:07,367 - root - INFO - Saving Prediction ...
2024-01-13 14:21:23,446 - root - INFO - Preparing data ...
2024-01-13 14:21:43,804 - root - INFO - Running Model ...
2024-01-13 14:22:51,185 - root - INFO - Preparing data ...
2024-01-13 14:23:11,779 - root - INFO - Running Model ...
2024-01-13 14:23:25,472 - root - INFO - Saving Prediction ...
2024-01-13 14:27:55,344 - root - INFO - Preparing data ...
2024-01-13 14:28:15,667 - root - INFO - Running Model ...
2024-01-13 14:28:20,840 - root - INFO - Saving Prediction ...
2024-01-13 14:29:57,478 - root - INFO - Preparing data ...
2024-01-13 14:30:17,831 - root - INFO - Running Model ...
2024-01-13 14:30:23,729 - root - INFO - Saving Prediction ...
2024-01-13 15:15:15,290 - root - INFO - Preparing data ...
2024-01-13 15:15:29,575 - root - INFO - Running Model ...
2024-01-13 15:15:59,930 - root - INFO - Saving Prediction ...
2024-01-13 17:11:00,054 - root - INFO - Preparing data ...
2024-01-13 17:11:18,931 - root - INFO - Running Model ...
2024-01-13 17:12:01,584 - root - INFO - Saving Prediction ...
2024-01-13 17:13:08,459 - root - INFO - Preparing data ...
2024-01-13 17:13:26,717 - root - INFO - Running Model ...
2024-01-13 17:14:05,772 - root - INFO - Saving Prediction ...
2024-01-15 04:48:42,929 - root - INFO - Preparing data ...
2024-01-15 04:48:57,153 - root - INFO - Running Model ...
2024-01-15 04:49:24,400 - root - INFO - Saving Prediction ...
2024-01-15 04:53:51,439 - root - INFO - Preparing data ...
2024-01-15 04:54:13,395 - root - INFO - Running Model ...
2024-01-15 04:55:01,305 - root - INFO - Saving Prediction ...
2024-01-15 04:59:03,261 - root - INFO - Preparing data ...
2024-01-15 04:59:25,521 - root - INFO - Running Model ...
2024-01-15 04:59:54,383 - root - INFO - Saving Prediction ...
2024-01-15 05:00:52,918 - root - INFO - Preparing data ...
2024-01-15 05:01:14,982 - root - INFO - Running Model ...
2024-01-15 05:01:43,045 - root - INFO - Saving Prediction ...
2024-01-15 05:04:05,710 - root - INFO - Preparing data ...
2024-01-15 05:04:53,955 - root - INFO - Preparing data ...
2024-01-15 05:05:16,292 - root - INFO - Running Model ...
2024-01-15 05:05:44,592 - root - INFO - Saving Prediction ...
2024-01-15 05:20:59,228 - root - INFO - Preparing data ...
2024-01-15 05:21:49,974 - root - INFO - Preparing data ...
2024-01-15 05:22:09,955 - root - INFO - Running Model ...
2024-01-15 05:22:43,812 - root - INFO - Saving Prediction ...
